# vsim -c -do "run -all; quit -f" -t 1ps -L /opt/mentor/questa/questasim/uvm-1.1d -L ../../lib/uvmc_lib -l questa.log "+CONFIG_ON" "+TRANS_ON" sc_main sv_main 
# Start time: 10:01:21 on Jun 18,2020
# Loading /tmp/student@ballast_dpi_67744/linux_gcc-5.3.0/export_tramp.so
# ** Note: (vsim-3812) Design is being optimized...
# //  Questa Sim
# //  Version 10.7c linux Aug 17 2018
# //
# //  Copyright 1991-2018 Mentor Graphics Corporation
# //  All Rights Reserved.
# //
# //  QuestaSim and its associated documentation contain trade
# //  secrets and commercial or financial information that are the property of
# //  Mentor Graphics Corporation and are privileged, confidential,
# //  and exempt from disclosure under the Freedom of Information Act,
# //  5 U.S.C. Section 552. Furthermore, this information
# //  is prohibited from disclosure under the Trade Secrets Act,
# //  18 U.S.C. Section 1905.
# //
# Loading /home/student/git/hw/third_party_tools/uvmc-2.3.0/examplesa/commands/work/_sc/linux_gcc-5.3.0/systemc.so
# Loading /home/student/git/hw/third_party_tools/uvmc-2.3.0/examplesa/commands/work.sc_main
# Connecting an SC-side proxy port for 'sc_main/top/consumer/in' with lookup string 'foo' for later connection with SV
# Connecting an SC-side proxy chan for 'sc_main/top/consumer/analysis_out' with lookup string 'bar' for later connection with SV
# ** Warning: (vsim-6667) The declared name and constructor argument for instance 'sc_main.top' are different. To enable debug support of simulation objects created by sc_main() the declared name and the constructor argument have to be the same.
# Loading sv_std.std
# Loading /opt/mentor/questa/questasim/uvm-1.1d.uvm_pkg
# Loading ../../lib/uvmc_lib.uvmc_pkg
# Loading work.sv_main_sv_unit(fast)
# Loading work.sv_main(fast)
# Loading /opt/mentor/questa/questasim/uvm-1.1d.questa_uvm_pkg(fast)
# Compiling /tmp/student@ballast_dpi_67744/linux_gcc-5.3.0/exportwrapper.c
# Loading /tmp/student@ballast_dpi_67744/linux_gcc-5.3.0/vsim_auto_compile.so
# Loading /opt/mentor/questa/questasim/uvm-1.1d/linux/uvm_dpi.so
# ** Warning: (vsim-4025) The port '/sc_main/top/uvmc_registry/UVMC_PORT_FOR_sc_main_top_consumer_in' is of an undebuggable type.
# ** Warning: (vsim-4025) The export '/sc_main/top/consumer/in' is of an undebuggable type.
# run -all
# ----------------------------------------------------------------
# UVM-1.1d
# (C) 2007-2013 Mentor Graphics Corporation
# (C) 2007-2013 Cadence Design Systems, Inc.
# (C) 2006-2013 Synopsys, Inc.
# (C) 2011-2013 Cypress Semiconductor Corp.
# ----------------------------------------------------------------
# 
#   ***********       IMPORTANT RELEASE NOTES         ************
# 
#   You are using a version of the UVM library that has been compiled
#   with `UVM_NO_DEPRECATED undefined.
#   See http://www.eda.org/svdb/view.php?id=3313 for more details.
# 
#   You are using a version of the UVM library that has been compiled
#   with `UVM_OBJECT_MUST_HAVE_CONSTRUCTOR undefined.
#   See http://www.eda.org/svdb/view.php?id=3770 for more details.
# 
#       (Specify +UVM_NO_RELNOTES to turn off this notice)
# 
# UVM_INFO verilog_src/questa_uvm_pkg-1.2/src/questa_uvm_pkg.sv(215) @ 0: reporter [Questa UVM] QUESTA_UVM-1.2.3
# UVM_INFO verilog_src/questa_uvm_pkg-1.2/src/questa_uvm_pkg.sv(216) @ 0: reporter [Questa UVM]  questa_uvm::init(+struct)
# ----------------------------------------------------------------
# UVMC-2.3
# (C) 2009-2014 Mentor Graphics Corporation
# ----------------------------------------------------------------
# Registering SV-side 'e.prod_out' and lookup string 'foo' for later connection with SC
# Registering SV-side 'e.sb_actual_in' and lookup string 'bar' for later connection with SC
# UVM_INFO @ 0 ns: reporter [RNTST] Running test ...
# UVM_INFO ex_config.cpp(179) @ 0 ns: reporter [TOP/SET_CFG] Calling set_config_* to SV-side instance 'e.prod'
# UVM_INFO ../src/connect/sv/uvmc_commands.sv(210) @ 0 ns: reporter [UVMC_WAIT_FOR_PHASE] Waiting for phase 'build' to be 'UVM_EQ' to state 'UVM_PHASE_ENDED'. Currently its state is 'UVM_PHASE_DORMANT'
# UVM_INFO ex_config.cpp(199) @ 0 ns: reporter [TOP/GET_CFG] Calling get_config_* from SV-side context 'e.prod'
# get_config_int : some_int=2
# get_config_string: some_string=Greetings from SystemC
# get_config_object: config = '{min_addr:100 max_addr:10f min_data_len:1 max_data_len:8 max_trans:2 }
# Connected SC-side 'sc_main/top/consumer/in' to SV-side 'e.prod_out'
# Connected SC-side 'sc_main/top/consumer/analysis_out' to SV-side 'e.sb_actual_in'
# UVM_INFO sv_main.sv(252) @ 0 ns: e.prod [INT_CONFIG] Config for field 'some_int' at context 'e.prod' has value 2
# UVM_INFO sv_main.sv(261) @ 0 ns: e.prod [STRING_CONFIG] Config for field 'message' at context 'e.prod' has value 'Greetings from SystemC'
# UVM_INFO sv_main.sv(276) @ 0 ns: e.prod [OBJECT_CONFIG] Config for field 'config' at context 'e.prod' has value 'min_addr:00000100 max_addr:0000010f min_data_len:1 max_data_len:8 max_trans:2'
#  
# UVM_INFO sv_main.sv(330) @ 0 ns: e.prod [PRODUCER/SEND_PKT] SV producer sending packet #1
#   <unnamed>: (uvm_tlm_generic_payload@619) { address: 'h103  command: UVM_TLM_WRITE_COMMAND  response_status: UVM_TLM_COMMAND_ERROR_RESPONSE  streaming_width: 'h0  data: { [0]: 'h53  [1]: 'hfa  } extensions: -  } 
# 
# 0 s SC consumer executing packet:
#   '{ addr:103 command:TLM_WRITE_COMMAND length:2 data: { [0]:'x53 [1]:'xfa } response_status:TLM_COMMAND_ERROR_RESPONSE streaming_width:0 }
# UVM_INFO @ 11 ns: e.sb [SCOREBD/RECV] Scoreboard received actual packet:
# <unnamed>: (uvm_tlm_generic_payload@626) { address: 'h103  command: UVM_TLM_WRITE_COMMAND  response_status: UVM_TLM_COMMAND_ERROR_RESPONSE  streaming_width: 'h0  data: { [0]: 'h53  [1]: 'hfa  } extensions: -  } 
# 
# 
#  
# UVM_INFO sv_main.sv(330) @ 11 ns: e.prod [PRODUCER/SEND_PKT] SV producer sending packet #2
#   <unnamed>: (uvm_tlm_generic_payload@619) { address: 'h102  command: UVM_TLM_IGNORE_COMMAND  response_status: UVM_TLM_BURST_ERROR_RESPONSE  streaming_width: 'h0  data: { [0]: 'hf4  [1]: 'h64  [2]: 'h02  [3]: 'h99  [4]: 'hda  [5]: 'h56  [6]: 'h80  } extensions: -  } 
# 
# 11 ns SC consumer executing packet:
#   '{ addr:102 command:TLM_IGNORE_COMMAND length:7 data: { [0]:'xf4 [1]:'x64 [2]:'x2 [3]:'x99 [4]:'xda [5]:'x56 [6]:'x80 } response_status:TLM_BURST_ERROR_RESPONSE streaming_width:0 }
# UVM_INFO @ 22 ns: e.sb [SCOREBD/RECV] Scoreboard received actual packet:
# <unnamed>: (uvm_tlm_generic_payload@630) { address: 'h102  command: UVM_TLM_IGNORE_COMMAND  response_status: UVM_TLM_BURST_ERROR_RESPONSE  streaming_width: 'h0  data: { [0]: 'hf4  [1]: 'h64  [2]: 'h02  [3]: 'h99  [4]: 'hda  [5]: 'h56  [6]: 'h80  } extensions: -  } 
# 
# 
# UVM_INFO sv_main.sv(342) @ 1022 ns: e.prod [PRODUCER/STOP_TEST] Stopping the test
# UVM_INFO verilog_src/uvm-1.1d/src/base/uvm_objection.svh(1267) @ 1022 ns: reporter [TEST_DONE] 'run' phase is ready to proceed to the 'extract' phase
# 
# --- UVM Report catcher Summary ---
# 
# 
# Number of demoted UVM_FATAL reports  :    0
# Number of demoted UVM_ERROR reports  :    0
# Number of demoted UVM_WARNING reports:    0
# Number of caught UVM_FATAL reports   :    0
# Number of caught UVM_ERROR reports   :    0
# Number of caught UVM_WARNING reports :    0
# 
# --- UVM Report Summary ---
# 
# ** Report counts by severity
# UVM_INFO :   15
# UVM_WARNING :    0
# UVM_ERROR :    0
# UVM_FATAL :    0
# ** Report counts by id
# [INT_CONFIG]     1
# [OBJECT_CONFIG]     1
# [PRODUCER/SEND_PKT]     2
# [PRODUCER/STOP_TEST]     1
# [Questa UVM]     2
# [RNTST]     1
# [SCOREBD/RECV]     2
# [STRING_CONFIG]     1
# [TEST_DONE]     1
# [TOP/GET_CFG]     1
# [TOP/SET_CFG]     1
# [UVMC_WAIT_FOR_PHASE]     1
# ** Note: $finish    : /opt/mentor/questa/questasim/linux/../verilog_src/uvm-1.1d/src/base/uvm_root.svh(430)
#    Time: 1022 ns  Iteration: 55  Instance: /sv_main
# End time: 10:01:24 on Jun 18,2020, Elapsed time: 0:00:03
# Errors: 0, Warnings: 3, Suppressed Warnings: 1
